[debug] [2021-07-07T18:33:50.062Z] ----------------------------------------------------------------------
[debug] [2021-07-07T18:33:50.065Z] Command:       C:\Program Files\nodejs\node.exe C:\Users\lenovo\AppData\Roaming\npm\node_modules\firebase-tools\lib\bin\firebase.js init
[debug] [2021-07-07T18:33:50.065Z] CLI Version:   9.14.0
[debug] [2021-07-07T18:33:50.065Z] Platform:      win32
[debug] [2021-07-07T18:33:50.065Z] Node Version:  v14.17.2
[debug] [2021-07-07T18:33:50.076Z] Time:          Wed Jul 07 2021 11:33:50 GMT-0700 (Pacific Daylight Time)
[debug] [2021-07-07T18:33:50.076Z] ----------------------------------------------------------------------
[debug] 
[debug] [2021-07-07T18:33:50.086Z] > command requires scopes: ["email","openid","https://www.googleapis.com/auth/cloudplatformprojects.readonly","https://www.googleapis.com/auth/firebase","https://www.googleapis.com/auth/cloud-platform"]
[debug] [2021-07-07T18:33:50.086Z] > authorizing via signed-in user (nagar80@gmail.com)
[info] 
     ######## #### ########  ######## ########     ###     ######  ########
     ##        ##  ##     ## ##       ##     ##  ##   ##  ##       ##
     ######    ##  ########  ######   ########  #########  ######  ######
     ##        ##  ##    ##  ##       ##     ## ##     ##       ## ##
     ##       #### ##     ## ######## ########  ##     ##  ######  ########

You're about to initialize a Firebase project in this directory:

  C:\Users\lenovo\source\repos\IBMTESTNGHOST

[info] 
=== Project Setup
[info] 
[info] First, let's associate this project directory with a Firebase project.
[info] You can create multiple project aliases by running firebase use --add, 
[info] but for now we'll just set up a default project.
[info] 
[debug] [2021-07-07T18:34:07.967Z] >>> [apiv2][query] GET https://firebase.googleapis.com/v1beta1/projects pageSize=100
[debug] [2021-07-07T18:34:08.941Z] <<< [apiv2][status] GET https://firebase.googleapis.com/v1beta1/projects 200
[debug] [2021-07-07T18:34:08.941Z] <<< [apiv2][body] GET https://firebase.googleapis.com/v1beta1/projects [omitted]
[debug] [2021-07-07T18:34:28.150Z] ----------------------------------------------------------------------
[debug] [2021-07-07T18:34:28.153Z] Command:       C:\Program Files\nodejs\node.exe C:\Users\lenovo\AppData\Roaming\npm\node_modules\firebase-tools\lib\bin\firebase.js init
[debug] [2021-07-07T18:34:28.153Z] CLI Version:   9.14.0
[debug] [2021-07-07T18:34:28.153Z] Platform:      win32
[debug] [2021-07-07T18:34:28.153Z] Node Version:  v14.17.2
[debug] [2021-07-07T18:34:28.164Z] Time:          Wed Jul 07 2021 11:34:28 GMT-0700 (Pacific Daylight Time)
[debug] [2021-07-07T18:34:28.165Z] ----------------------------------------------------------------------
[debug] 
[debug] [2021-07-07T18:34:28.174Z] > command requires scopes: ["email","openid","https://www.googleapis.com/auth/cloudplatformprojects.readonly","https://www.googleapis.com/auth/firebase","https://www.googleapis.com/auth/cloud-platform"]
[debug] [2021-07-07T18:34:28.174Z] > authorizing via signed-in user (nagar80@gmail.com)
[info] 
     ######## #### ########  ######## ########     ###     ######  ########
     ##        ##  ##     ## ##       ##     ##  ##   ##  ##       ##
     ######    ##  ########  ######   ########  #########  ######  ######
     ##        ##  ##    ##  ##       ##     ## ##     ##       ## ##
     ##       #### ##     ## ######## ########  ##     ##  ######  ########

You're about to initialize a Firebase project in this directory:

  C:\Users\lenovo\source\repos\IBMTESTNGHOST

[info] 
=== Project Setup
[info] 
[info] First, let's associate this project directory with a Firebase project.
[info] You can create multiple project aliases by running firebase use --add, 
[info] but for now we'll just set up a default project.
[info] 
[debug] [2021-07-07T18:34:55.803Z] >>> [apiv2][query] GET https://firebase.googleapis.com/v1beta1/projects pageSize=100
[debug] [2021-07-07T18:34:56.464Z] <<< [apiv2][status] GET https://firebase.googleapis.com/v1beta1/projects 200
[debug] [2021-07-07T18:34:56.464Z] <<< [apiv2][body] GET https://firebase.googleapis.com/v1beta1/projects [omitted]
[info] i  Using project ibmtest-a9fb7 (ibmtest) 
[info] 
=== Hosting Setup
[info] 
[info] Your public directory is the folder (relative to your project directory) that
[info] will contain Hosting assets to be uploaded with firebase deploy. If you
[info] have a build process for your assets, use your build's output directory.
[info] 
[info] +  Wrote public/404.html 
[debug] [2021-07-07T18:35:23.290Z] >>> [apiv2][query] GET https://www.gstatic.com/firebasejs/releases.json [none]
[debug] [2021-07-07T18:35:23.436Z] <<< [apiv2][status] GET https://www.gstatic.com/firebasejs/releases.json 200
[debug] [2021-07-07T18:35:23.436Z] <<< [apiv2][body] GET https://www.gstatic.com/firebasejs/releases.json {"current":{"version":"8.7.0","browserURL":"https://www.gstatic.com/firebasejs/8.7.0/firebase.js","packageURL":"https://www.gstatic.com/firebasejs/8.7.0/firebase.tgz"},"live":{"version":"8.7","browserURL":"https://www.gstatic.com/firebasejs/live/8.7/firebase.js","packageURL":"https://www.gstatic.com/firebasejs/live/8.7/firebase.tgz"},"components":{"analytics":"https://www.gstatic.com/firebasejs/8.7.0/firebase-analytics.js","app":"https://www.gstatic.com/firebasejs/8.7.0/firebase-app.js","app-check":"https://www.gstatic.com/firebasejs/8.7.0/firebase-app-check.js","auth":"https://www.gstatic.com/firebasejs/8.7.0/firebase-auth.js","database":"https://www.gstatic.com/firebasejs/8.7.0/firebase-database.js","firestore":"https://www.gstatic.com/firebasejs/8.7.0/firebase-firestore.js","functions":"https://www.gstatic.com/firebasejs/8.7.0/firebase-functions.js","installations":"https://www.gstatic.com/firebasejs/8.7.0/firebase-installations.js","messaging":"https://www.gstatic.com/firebasejs/8.7.0/firebase-messaging.js","storage":"https://www.gstatic.com/firebasejs/8.7.0/firebase-storage.js","performance":"https://www.gstatic.com/firebasejs/8.7.0/firebase-performance.js","remote-config":"https://www.gstatic.com/firebasejs/8.7.0/firebase-remote-config.js","firestore.memory":"https://www.gstatic.com/firebasejs/8.7.0/firebase-firestore.memory.js"}}
[info] +  Wrote public/index.html 
[info] 
[info] i  Didn't detect a .git folder. Assuming C:\Users\lenovo\source\repos\IBMTESTNGHOST is the project root. 
[info] i  Authorizing with GitHub to upload your service account to a GitHub repository's secrets store. 
[info] 
[info] Visit this URL on this device to log in:
[info] https://github.com/login/oauth/authorize?client_id=89cf50f02ac6aaed3484&state=655847003&redirect_uri=http%3A%2F%2Flocalhost%3A9005&scope=read%3Auser%20repo%20public_repo
[info] 
[info] Waiting for authentication...
[debug] [2021-07-07T18:36:00.154Z] >>> HTTP REQUEST POST https://github.com/login/oauth/access_token  
 {"client_id":"89cf50f02ac6aaed3484","client_secret":"3330d14abc895d9a74d5f17cd7a00711fa2c5bf0","code":"c44d04f0643bd8a03a97","redirect_uri":"http://localhost:9005","state":"655847003"}
[debug] [2021-07-07T18:36:00.635Z] <<< HTTP RESPONSE 200 {"server":"GitHub.com","date":"Wed, 07 Jul 2021 18:36:00 GMT","content-type":"application/json; charset=utf-8","transfer-encoding":"chunked","vary":"X-PJAX, Accept-Encoding, Accept, X-Requested-With","permissions-policy":"interest-cohort=()","etag":"W/\"de6912b3c7dab625203ee28e855aad99\"","cache-control":"max-age=0, private, must-revalidate","strict-transport-security":"max-age=31536000; includeSubdomains; preload","x-frame-options":"deny","x-content-type-options":"nosniff","x-xss-protection":"0","referrer-policy":"origin-when-cross-origin, strict-origin-when-cross-origin","expect-ct":"max-age=2592000, report-uri=\"https://api.github.com/_private/browser/errors\"","content-security-policy":"default-src 'none'; base-uri 'self'; block-all-mixed-content; connect-src 'self' uploads.github.com www.githubstatus.com collector.githubapp.com api.github.com github-cloud.s3.amazonaws.com github-production-repository-file-5c1aeb.s3.amazonaws.com github-production-upload-manifest-file-7fdce7.s3.amazonaws.com github-production-user-asset-6210df.s3.amazonaws.com cdn.optimizely.com logx.optimizely.com/v1/events translator.github.com wss://alive.github.com; font-src github.githubassets.com; form-action 'self' github.com gist.github.com; frame-ancestors 'none'; frame-src render.githubusercontent.com render-temp.githubusercontent.com viewscreen.githubusercontent.com; img-src 'self' data: github.githubassets.com identicons.github.com collector.githubapp.com github-cloud.s3.amazonaws.com secured-user-images.githubusercontent.com/ *.githubusercontent.com; manifest-src 'self'; media-src 'none'; script-src github.githubassets.com; style-src 'unsafe-inline' github.githubassets.com; worker-src github.com/socket-worker-3f088aa2.js gist.github.com/socket-worker-3f088aa2.js","x-github-request-id":"C4AF:6A83:C9CF27:F32A77:60E5F410"}
[debug] [2021-07-07T18:36:00.670Z] >>> [apiv2][query] GET https://api.github.com/user [none]
[debug] [2021-07-07T18:36:01.320Z] <<< [apiv2][status] GET https://api.github.com/user 200
[debug] [2021-07-07T18:36:01.320Z] <<< [apiv2][body] GET https://api.github.com/user {"login":"nagar1180","id":52356541,"node_id":"MDQ6VXNlcjUyMzU2NTQx","avatar_url":"https://avatars.githubusercontent.com/u/52356541?v=4","gravatar_id":"","url":"https://api.github.com/users/nagar1180","html_url":"https://github.com/nagar1180","followers_url":"https://api.github.com/users/nagar1180/followers","following_url":"https://api.github.com/users/nagar1180/following{/other_user}","gists_url":"https://api.github.com/users/nagar1180/gists{/gist_id}","starred_url":"https://api.github.com/users/nagar1180/starred{/owner}{/repo}","subscriptions_url":"https://api.github.com/users/nagar1180/subscriptions","organizations_url":"https://api.github.com/users/nagar1180/orgs","repos_url":"https://api.github.com/users/nagar1180/repos","events_url":"https://api.github.com/users/nagar1180/events{/privacy}","received_events_url":"https://api.github.com/users/nagar1180/received_events","type":"User","site_admin":false,"name":null,"company":null,"blog":"","location":null,"email":null,"hireable":null,"bio":null,"twitter_username":null,"public_repos":4,"public_gists":0,"followers":0,"following":2,"created_at":"2019-06-29T17:07:54Z","updated_at":"2021-07-07T18:35:59Z","private_gists":0,"total_private_repos":14,"owned_private_repos":14,"disk_usage":93458,"collaborators":0,"two_factor_authentication":false,"plan":{"name":"free","space":976562499,"collaborators":0,"private_repos":10000}}
[info] 
[info] +  Success! Logged into GitHub as nagar1180 
[info] 
[debug] [2021-07-07T18:36:43.158Z] >>> [apiv2][query] GET https://api.github.com/repos/nagar80/IBMTEST-IBMTESTAGHOST/actions/secrets/public-key type=owner
[debug] [2021-07-07T18:36:43.632Z] <<< [apiv2][status] GET https://api.github.com/repos/nagar80/IBMTEST-IBMTESTAGHOST/actions/secrets/public-key 404
[debug] [2021-07-07T18:36:43.632Z] <<< [apiv2][body] GET https://api.github.com/repos/nagar80/IBMTEST-IBMTESTAGHOST/actions/secrets/public-key {"message":"Not Found","documentation_url":"https://docs.github.com/rest/reference/actions#get-a-repository-public-key"}
[debug] [2021-07-07T18:37:00.555Z] >>> [apiv2][query] GET https://api.github.com/repos//actions/secrets/public-key type=owner
[debug] [2021-07-07T18:37:00.916Z] <<< [apiv2][status] GET https://api.github.com/repos//actions/secrets/public-key 404
[debug] [2021-07-07T18:37:00.916Z] <<< [apiv2][body] GET https://api.github.com/repos//actions/secrets/public-key {"message":"Not Found","documentation_url":"https://docs.github.com/rest"}
[debug] [2021-07-07T18:37:18.268Z] ----------------------------------------------------------------------
[debug] [2021-07-07T18:37:18.301Z] Command:       C:\Program Files\nodejs\node.exe C:\Users\lenovo\AppData\Roaming\npm\node_modules\firebase-tools\lib\bin\firebase.js init
[debug] [2021-07-07T18:37:18.301Z] CLI Version:   9.14.0
[debug] [2021-07-07T18:37:18.302Z] Platform:      win32
[debug] [2021-07-07T18:37:18.302Z] Node Version:  v14.17.2
[debug] [2021-07-07T18:37:18.370Z] Time:          Wed Jul 07 2021 11:37:18 GMT-0700 (Pacific Daylight Time)
[debug] [2021-07-07T18:37:18.371Z] ----------------------------------------------------------------------
[debug] 
[debug] [2021-07-07T18:37:18.385Z] > command requires scopes: ["email","openid","https://www.googleapis.com/auth/cloudplatformprojects.readonly","https://www.googleapis.com/auth/firebase","https://www.googleapis.com/auth/cloud-platform"]
[debug] [2021-07-07T18:37:18.386Z] > authorizing via signed-in user (nagar80@gmail.com)
[info] 
     ######## #### ########  ######## ########     ###     ######  ########
     ##        ##  ##     ## ##       ##     ##  ##   ##  ##       ##
     ######    ##  ########  ######   ########  #########  ######  ######
     ##        ##  ##    ##  ##       ##     ## ##     ##       ## ##
     ##       #### ##     ## ######## ########  ##     ##  ######  ########

You're about to initialize a Firebase project in this directory:

  C:\Users\lenovo\source\repos\IBMTESTNGHOST

[info] 
=== Project Setup
[info] 
[info] First, let's associate this project directory with a Firebase project.
[info] You can create multiple project aliases by running firebase use --add, 
[info] but for now we'll just set up a default project.
[info] 
[debug] [2021-07-07T18:37:42.366Z] >>> [apiv2][query] GET https://firebase.googleapis.com/v1beta1/projects pageSize=100
[debug] [2021-07-07T18:37:43.069Z] <<< [apiv2][status] GET https://firebase.googleapis.com/v1beta1/projects 200
[debug] [2021-07-07T18:37:43.069Z] <<< [apiv2][body] GET https://firebase.googleapis.com/v1beta1/projects [omitted]
[info] i  Using project ibmtest-a9fb7 (ibmtest) 
[info] 
=== Hosting:github Setup
[info] 
[info] i  Didn't detect a .git folder. Assuming C:\Users\lenovo\source\repos\IBMTESTNGHOST is the project root. 
[info] i  Authorizing with GitHub to upload your service account to a GitHub repository's secrets store. 
[info] 
[info] Visit this URL on this device to log in:
[info] https://github.com/login/oauth/authorize?client_id=89cf50f02ac6aaed3484&state=451891093&redirect_uri=http%3A%2F%2Flocalhost%3A9005&scope=read%3Auser%20repo%20public_repo
[info] 
[info] Waiting for authentication...
[debug] [2021-07-07T18:37:45.704Z] >>> HTTP REQUEST POST https://github.com/login/oauth/access_token  
 {"client_id":"89cf50f02ac6aaed3484","client_secret":"3330d14abc895d9a74d5f17cd7a00711fa2c5bf0","code":"9029fce6dc6db2211820","redirect_uri":"http://localhost:9005","state":"451891093"}
[debug] [2021-07-07T18:37:46.093Z] <<< HTTP RESPONSE 200 {"server":"GitHub.com","date":"Wed, 07 Jul 2021 18:37:46 GMT","content-type":"application/json; charset=utf-8","transfer-encoding":"chunked","vary":"X-PJAX, Accept-Encoding, Accept, X-Requested-With","permissions-policy":"interest-cohort=()","etag":"W/\"c54f9f1557d52f6b37fea54fb9b2fe50\"","cache-control":"max-age=0, private, must-revalidate","strict-transport-security":"max-age=31536000; includeSubdomains; preload","x-frame-options":"deny","x-content-type-options":"nosniff","x-xss-protection":"0","referrer-policy":"origin-when-cross-origin, strict-origin-when-cross-origin","expect-ct":"max-age=2592000, report-uri=\"https://api.github.com/_private/browser/errors\"","content-security-policy":"default-src 'none'; base-uri 'self'; block-all-mixed-content; connect-src 'self' uploads.github.com www.githubstatus.com collector.githubapp.com api.github.com github-cloud.s3.amazonaws.com github-production-repository-file-5c1aeb.s3.amazonaws.com github-production-upload-manifest-file-7fdce7.s3.amazonaws.com github-production-user-asset-6210df.s3.amazonaws.com cdn.optimizely.com logx.optimizely.com/v1/events translator.github.com wss://alive.github.com; font-src github.githubassets.com; form-action 'self' github.com gist.github.com; frame-ancestors 'none'; frame-src render.githubusercontent.com render-temp.githubusercontent.com viewscreen.githubusercontent.com; img-src 'self' data: github.githubassets.com identicons.github.com collector.githubapp.com github-cloud.s3.amazonaws.com secured-user-images.githubusercontent.com/ *.githubusercontent.com; manifest-src 'self'; media-src 'none'; script-src github.githubassets.com; style-src 'unsafe-inline' github.githubassets.com; worker-src github.com/socket-worker-3f088aa2.js gist.github.com/socket-worker-3f088aa2.js","x-github-request-id":"C4FA:7374:97A39B:B75A3D:60E5F479"}
[debug] [2021-07-07T18:37:46.099Z] >>> [apiv2][query] GET https://api.github.com/user [none]
[debug] [2021-07-07T18:37:46.575Z] <<< [apiv2][status] GET https://api.github.com/user 200
[debug] [2021-07-07T18:37:46.576Z] <<< [apiv2][body] GET https://api.github.com/user {"login":"nagar1180","id":52356541,"node_id":"MDQ6VXNlcjUyMzU2NTQx","avatar_url":"https://avatars.githubusercontent.com/u/52356541?v=4","gravatar_id":"","url":"https://api.github.com/users/nagar1180","html_url":"https://github.com/nagar1180","followers_url":"https://api.github.com/users/nagar1180/followers","following_url":"https://api.github.com/users/nagar1180/following{/other_user}","gists_url":"https://api.github.com/users/nagar1180/gists{/gist_id}","starred_url":"https://api.github.com/users/nagar1180/starred{/owner}{/repo}","subscriptions_url":"https://api.github.com/users/nagar1180/subscriptions","organizations_url":"https://api.github.com/users/nagar1180/orgs","repos_url":"https://api.github.com/users/nagar1180/repos","events_url":"https://api.github.com/users/nagar1180/events{/privacy}","received_events_url":"https://api.github.com/users/nagar1180/received_events","type":"User","site_admin":false,"name":null,"company":null,"blog":"","location":null,"email":null,"hireable":null,"bio":null,"twitter_username":null,"public_repos":4,"public_gists":0,"followers":0,"following":2,"created_at":"2019-06-29T17:07:54Z","updated_at":"2021-07-07T18:35:59Z","private_gists":0,"total_private_repos":14,"owned_private_repos":14,"disk_usage":93458,"collaborators":0,"two_factor_authentication":false,"plan":{"name":"free","space":976562499,"collaborators":0,"private_repos":10000}}
[info] 
[info] +  Success! Logged into GitHub as nagar1180 
[info] 
[debug] [2021-07-07T18:38:01.911Z] >>> [apiv2][query] GET https://api.github.com/repos/nagar1180/actions/secrets/public-key type=owner
[debug] [2021-07-07T18:38:01.916Z] >>> [apiv2][query] GET https://api.github.com/repos///actions/secrets/public-key type=owner
[debug] [2021-07-07T18:38:02.284Z] <<< [apiv2][status] GET https://api.github.com/repos/nagar1180/actions/secrets/public-key 404
[debug] [2021-07-07T18:38:02.285Z] <<< [apiv2][body] GET https://api.github.com/repos/nagar1180/actions/secrets/public-key {"message":"Not Found","documentation_url":"https://docs.github.com/rest"}
[debug] [2021-07-07T18:38:02.292Z] <<< [apiv2][status] GET https://api.github.com/repos///actions/secrets/public-key 404
[debug] [2021-07-07T18:38:02.292Z] <<< [apiv2][body] GET https://api.github.com/repos///actions/secrets/public-key {"message":"Not Found","documentation_url":"https://docs.github.com/rest"}
[debug] [2021-07-07T18:38:28.898Z] >>> [apiv2][query] GET https://api.github.com/repos/nagar80/ibmtext-ibmtestaghost/actions/secrets/public-key type=owner
[debug] [2021-07-07T18:38:29.260Z] <<< [apiv2][status] GET https://api.github.com/repos/nagar80/ibmtext-ibmtestaghost/actions/secrets/public-key 404
[debug] [2021-07-07T18:38:29.260Z] <<< [apiv2][body] GET https://api.github.com/repos/nagar80/ibmtext-ibmtestaghost/actions/secrets/public-key {"message":"Not Found","documentation_url":"https://docs.github.com/rest/reference/actions#get-a-repository-public-key"}
